app/build/outputs/logs/manifest-merger-debug-report.txt
-- Merging decision tree log ---
manifest
ADDED from AndroidManifest.xml:2:1
	package
		ADDED from AndroidManifest.xml:3:2
	android:versionName
		ADDED from AndroidManifest.xml:3:58
	android:versionCode
		ADDED from AndroidManifest.xml:3:33
		INJECTED from AndroidManifest.xml:0:0
		INJECTED from AndroidManifest.xml:0:0
	xmlns:android
		ADDED from AndroidManifest.xml:2:11
uses-permission#android.permission.INTERNET
ADDED from AndroidManifest.xml:5:5
	android:name
		ADDED from AndroidManifest.xml:5:22
uses-permission#android.permission.BLUETOOTH
ADDED from AndroidManifest.xml:6:5
	android:name
		ADDED from AndroidManifest.xml:6:22
application
ADDED from AndroidManifest.xml:8:2
	android:label
		ADDED from AndroidManifest.xml:11:9
	android:allowBackup
		ADDED from AndroidManifest.xml:9:9
	android:icon
		ADDED from AndroidManifest.xml:10:9
	android:theme
		ADDED from AndroidManifest.xml:12:9
activity#org.prowl.torquescan.PluginActivity
ADDED from AndroidManifest.xml:14:3
	android:clearTaskOnLaunch
		ADDED from AndroidManifest.xml:18:41
	android:label
		ADDED from AndroidManifest.xml:16:13
	android:exported
		ADDED from AndroidManifest.xml:17:4
	android:alwaysRetainTaskState
		ADDED from AndroidManifest.xml:18:4
	android:finishOnTaskLaunch
		ADDED from AndroidManifest.xml:17:28
	android:name
		ADDED from AndroidManifest.xml:15:13
intent-filter#org.prowl.torque.ACTIVITY_PLUGIN
ADDED from AndroidManifest.xml:19:4
action#org.prowl.torque.ACTIVITY_PLUGIN
ADDED from AndroidManifest.xml:20:5
	android:name
		ADDED from AndroidManifest.xml:20:13
intent-filter#android.intent.action.MAIN+android.intent.category.LAUNCHER
ADDED from AndroidManifest.xml:22:4
action#android.intent.action.MAIN
ADDED from AndroidManifest.xml:23:5
	android:name
		ADDED from AndroidManifest.xml:23:13
category#android.intent.category.LAUNCHER
ADDED from AndroidManifest.xml:25:17
	android:name
		ADDED from AndroidManifest.xml:25:27
activity#org.prowl.torquescan.ScanActivity
ADDED from AndroidManifest.xml:28:9
	android:launchMode
		ADDED from AndroidManifest.xml:28:208
	android:noHistory
		ADDED from AndroidManifest.xml:28:182
	android:allowTaskReparenting
		ADDED from AndroidManifest.xml:28:108
	android:configChanges
		ADDED from AndroidManifest.xml:28:48
	android:alwaysRetainTaskState
		ADDED from AndroidManifest.xml:28:145
	android:name
		ADDED from AndroidManifest.xml:28:19
activity#org.prowl.torquescan.TelnetActivity
ADDED from AndroidManifest.xml:29:9
	android:launchMode
		ADDED from AndroidManifest.xml:29:210
	android:noHistory
		ADDED from AndroidManifest.xml:29:184
	android:allowTaskReparenting
		ADDED from AndroidManifest.xml:29:110
	android:configChanges
		ADDED from AndroidManifest.xml:29:50
	android:alwaysRetainTaskState
		ADDED from AndroidManifest.xml:29:147
	android:name
		ADDED from AndroidManifest.xml:29:19
activity#org.prowl.torquescan.BluetoothActivity
ADDED from AndroidManifest.xml:30:9
	android:launchMode
		ADDED from AndroidManifest.xml:30:213
	android:noHistory
		ADDED from AndroidManifest.xml:30:187
	android:allowTaskReparenting
		ADDED from AndroidManifest.xml:30:113
	android:configChanges
		ADDED from AndroidManifest.xml:30:53
	android:alwaysRetainTaskState
		ADDED from AndroidManifest.xml:30:150
	android:name
		ADDED from AndroidManifest.xml:30:19
uses-sdk
ADDED from AndroidManifest.xml:33:2
	android:targetSdkVersion
		INJECTED from AndroidManifest.xml:0:0
		INJECTED from AndroidManifest.xml:0:0
	android:minSdkVersion
		ADDED from AndroidManifest.xml:33:12
		INJECTED from AndroidManifest.xml:0:0
		INJECTED from AndroidManifest.xml:0:0